<?xml version="1.0" encoding="UTF-8"?>
<testsuite xmlns:xsi="http://www.w3.org/2001/XMLSchema-instance" xsi:noNamespaceSchemaLocation="https://maven.apache.org/surefire/maven-surefire-plugin/xsd/surefire-test-report.xsd" name="itRunner.StartEngineTest" time="23.847" tests="7" errors="0" skipped="0" failures="0">
  <properties>
[...]
</properties>
  <testcase name="Create one Computer" classname="Create a computer" time="4.346"/>
  <testcase name="To verify cancel functionality" classname="Create a computer" time="1.86"/>
  <testcase name="To verify field errors while creating computer" classname="Create a computer" time="1.966"/>
  <testcase name="Delete one Computer" classname="Delete a computer" time="4.07"/>
  <testcase name="Update one Computer and verify its updated or not" classname="Update a computer" time="4.74"/>
  <testcase name="View and Search one Computer from database" classname="View and Search one computer" time="2.306"/>
  <testcase name="View and Search Computer which is not in database" classname="View and Search one computer" time="0.808"/>
</testsuite>