<?xml version="1.0" encoding="UTF-8"?>
<testsuite xmlns:xsi="http://www.w3.org/2001/XMLSchema-instance" xsi:noNamespaceSchemaLocation="https://maven.apache.org/surefire/maven-surefire-plugin/xsd/surefire-test-report.xsd" name="itRunner.StartEngineTest" time="15.399" tests="7" errors="0" skipped="0" failures="0">
  <properties>
[...]
</properties>
  <testcase name="Create one Computer" classname="Create a computer" time="2.403"/>
  <testcase name="To verify cancel functionality" classname="Create a computer" time="1.287"/>
  <testcase name="To verify field errors while creating computer" classname="Create a computer" time="1.226"/>
  <testcase name="Delete one Computer" classname="Delete a computer" time="3.017"/>
  <testcase name="Update one Computer and verify its updated or not" classname="Update a computer" time="3.092"/>
  <testcase name="View and Search one Computer from database" classname="View and Search one computer" time="1.73"/>
  <testcase name="View and Search Computer which is not in database" classname="View and Search one computer" time="0.51"/>
</testsuite>